0 info it worked if it ends with ok
1 verbose cli [ '/usr/local/bin/node', '/usr/local/bin/npm', 'publish' ]
2 info using npm@3.5.2
3 info using node@v4.0.0
4 verbose publish [ '.' ]
5 silly cache add args [ '.', null ]
6 verbose cache add spec .
7 silly cache add parsed spec Result {
7 silly cache add   raw: '.',
7 silly cache add   scope: null,
7 silly cache add   name: null,
7 silly cache add   rawSpec: '.',
7 silly cache add   spec: '/Users/yneves1/code/personal/rey',
7 silly cache add   type: 'directory' }
8 verbose addLocalDirectory /Users/yneves1/.npm/rey/0.1.16/package.tgz not in flight; packing
9 info lifecycle rey@0.1.16~prepublish: rey@0.1.16
10 silly lifecycle rey@0.1.16~prepublish: no script for prepublish, continuing
11 verbose tar pack [ '/Users/yneves1/.npm/rey/0.1.16/package.tgz',
11 verbose tar pack   '/Users/yneves1/code/personal/rey' ]
12 verbose tarball /Users/yneves1/.npm/rey/0.1.16/package.tgz
13 verbose folder /Users/yneves1/code/personal/rey
14 verbose addLocalTarball adding from inside cache /Users/yneves1/.npm/rey/0.1.16/package.tgz
15 silly cache afterAdd rey@0.1.16
16 verbose afterAdd /Users/yneves1/.npm/rey/0.1.16/package/package.json not in flight; writing
17 verbose afterAdd /Users/yneves1/.npm/rey/0.1.16/package/package.json written
18 silly publish { name: 'rey',
18 silly publish   version: '0.1.16',
18 silly publish   author:
18 silly publish    { name: 'Yuri Neves Silveira',
18 silly publish      email: 'yurinevessilveira@gmail.com',
18 silly publish      url: 'http://yneves.com/' },
18 silly publish   main: './src/index.js',
18 silly publish   dependencies:
18 silly publish    { axios: '^0.9.1',
18 silly publish      'bauer-factory': '^2.0.6',
18 silly publish      bluebird: '^3.3.4',
18 silly publish      classnames: '^2.2.3',
18 silly publish      envify: '^3.4.0',
18 silly publish      fluks: '^0.3.14',
18 silly publish      grunt: '^1.0.1',
18 silly publish      'grunt-browserify': '^5.0.0',
18 silly publish      'grunt-contrib-uglify': '^1.0.1',
18 silly publish      'grunt-envify': '0.0.3',
18 silly publish      jsdom: '^8.3.0',
18 silly publish      'mocha-jsdom': '^1.1.0',
18 silly publish      react: '^15.0.0',
18 silly publish      'react-addons-css-transition-group': '^15.0.0',
18 silly publish      'react-dom': '^15.0.0',
18 silly publish      'react-immutable': '^0.1.2',
18 silly publish      rooter: '^0.1.18' },
18 silly publish   readme: '# rey\nFramework based on React and Flux that looks like AngularJS.\n',
18 silly publish   readmeFilename: 'README.md',
18 silly publish   gitHead: 'efba558013016eb6f10ace53545c6222d305b89d',
18 silly publish   description: 'Framework based on React and Flux that looks like AngularJS.',
18 silly publish   _id: 'rey@0.1.16',
18 silly publish   scripts: {},
18 silly publish   _shasum: 'e52f877e375c6cf2d16b38701cfb8cf6cab6ec63',
18 silly publish   _from: '.' }
19 verbose getPublishConfig undefined
20 silly mapToRegistry name rey
21 silly mapToRegistry using default registry
22 silly mapToRegistry registry https://registry.npmjs.org/
23 silly mapToRegistry uri https://registry.npmjs.org/rey
24 verbose publish registryBase https://registry.npmjs.org/
25 silly publish uploading /Users/yneves1/.npm/rey/0.1.16/package.tgz
26 verbose request uri https://registry.npmjs.org/rey
27 verbose request sending authorization for write operation
28 info attempt registry request try #1 at 12:06:18 PM
29 verbose request id cc0521a3f5a41116
30 http request PUT https://registry.npmjs.org/rey
31 http 403 https://registry.npmjs.org/rey
32 verbose headers { 'content-type': 'application/json',
32 verbose headers   'cache-control': 'max-age=300',
32 verbose headers   'content-length': '96',
32 verbose headers   'accept-ranges': 'bytes',
32 verbose headers   date: 'Fri, 08 Apr 2016 15:06:24 GMT',
32 verbose headers   via: '1.1 varnish',
32 verbose headers   connection: 'keep-alive',
32 verbose headers   'x-served-by': 'cache-iad2128-IAD',
32 verbose headers   'x-cache': 'MISS',
32 verbose headers   'x-cache-hits': '0',
32 verbose headers   'x-timer': 'S1460127979.155447,VS0,VE4978',
32 verbose headers   vary: 'Accept-Encoding' }
33 verbose request invalidating /Users/yneves1/.npm/registry.npmjs.org/rey on PUT
34 error publish Failed PUT 403
35 verbose stack Error: "You cannot publish over the previously published version 0.1.16." : rey
35 verbose stack     at makeError (/usr/local/lib/node_modules/npm/node_modules/npm-registry-client/lib/request.js:264:12)
35 verbose stack     at CachingRegistryClient.<anonymous> (/usr/local/lib/node_modules/npm/node_modules/npm-registry-client/lib/request.js:252:14)
35 verbose stack     at Request._callback (/usr/local/lib/node_modules/npm/node_modules/npm-registry-client/lib/request.js:172:14)
35 verbose stack     at Request.self.callback (/usr/local/lib/node_modules/npm/node_modules/request/request.js:198:22)
35 verbose stack     at emitTwo (events.js:87:13)
35 verbose stack     at Request.emit (events.js:172:7)
35 verbose stack     at Request.<anonymous> (/usr/local/lib/node_modules/npm/node_modules/request/request.js:1082:10)
35 verbose stack     at emitOne (events.js:82:20)
35 verbose stack     at Request.emit (events.js:169:7)
35 verbose stack     at IncomingMessage.<anonymous> (/usr/local/lib/node_modules/npm/node_modules/request/request.js:1009:12)
36 verbose statusCode 403
37 verbose pkgid rey
38 verbose cwd /Users/yneves1/code/personal/rey
39 error Darwin 15.3.0
40 error argv "/usr/local/bin/node" "/usr/local/bin/npm" "publish"
41 error node v4.0.0
42 error npm  v3.5.2
43 error code E403
44 error "You cannot publish over the previously published version 0.1.16." : rey
45 error If you need help, you may report this error at:
45 error     <https://github.com/npm/npm/issues>
46 verbose exit [ 1, true ]
